#
# There is insufficient memory for the Java Runtime Environment to continue.
# Native memory allocation (mmap) failed to map 132120576 bytes for G1 virtual space
# Possible reasons:
#   The system is out of physical RAM or swap space
#   The process is running with CompressedOops enabled, and the Java Heap may be blocking the growth of the native heap
# Possible solutions:
#   Reduce memory load on the system
#   Increase physical memory or swap space
#   Check if swap backing store is full
#   Decrease Java heap size (-Xmx/-Xms)
#   Decrease number of Java threads
#   Decrease Java thread stack sizes (-Xss)
#   Set larger code cache with -XX:ReservedCodeCacheSize=
#   JVM is running with Unscaled Compressed Oops mode in which the Java heap is
#     placed in the first 4GB address space. The Java Heap base address is the
#     maximum limit for the native heap growth. Please use -XX:HeapBaseMinAddress
#     to set the Java Heap base and to place the Java Heap above 4GB virtual address.
# This output file may be truncated or incomplete.
#
#  Out of Memory Error (os_windows.cpp:3536), pid=12736, tid=13004
#
# JRE version:  (19.0.2+7) (build )
# Java VM: Java HotSpot(TM) 64-Bit Server VM (19.0.2+7-44, mixed mode, sharing, tiered, compressed oops, compressed class ptrs, g1 gc, windows-amd64)
# No core dump will be written. Minidumps are not enabled by default on client versions of Windows
#

---------------  S U M M A R Y ------------

Command Line: -Dfile.encoding=UTF-8 --module-path=C:\Users\jaswa\OneDrive\Desktop\INFO 5100\Lab_1\Lab_1\build\classes ui.MainJFrame

Host: Intel(R) Core(TM) i5-10210U CPU @ 1.60GHz, 8 cores, 7G,  Windows 11 , 64 bit Build 22621 (10.0.22621.3958)
Time: Sun Sep 15 00:23:59 2024 Eastern Daylight Time elapsed time: 0.014935 seconds (0d 0h 0m 0s)

---------------  T H R E A D  ---------------

Current thread (0x0000019da780bca0):  JavaThread "Unknown thread" [_thread_in_vm, id=13004, stack(0x0000003f1ff00000,0x0000003f20000000)]

Stack: [0x0000003f1ff00000,0x0000003f20000000]
Native frames: (J=compiled Java code, j=interpreted, Vv=VM code, C=native code)
V  [jvm.dll+0x6ee21a]
V  [jvm.dll+0x85765e]
V  [jvm.dll+0x85904e]
V  [jvm.dll+0x859703]
V  [jvm.dll+0x28298f]
V  [jvm.dll+0x6eb009]
V  [jvm.dll+0x6dfbaa]
V  [jvm.dll+0x3573f6]
V  [jvm.dll+0x35ee56]
V  [jvm.dll+0x3b541e]
V  [jvm.dll+0x3b564f]
V  [jvm.dll+0x32c9ea]
V  [jvm.dll+0x32d89e]
V  [jvm.dll+0x821780]
V  [jvm.dll+0x3c2661]
V  [jvm.dll+0x801f51]
V  [jvm.dll+0x44ae8f]
V  [jvm.dll+0x44c811]
C  [jli.dll+0x5287]
C  [ucrtbase.dll+0x29333]
C  [KERNEL32.DLL+0x1257d]
C  [ntdll.dll+0x5af28]


---------------  P R O C E S S  ---------------

Threads class SMR info:
_java_thread_list=0x00007fffeaa5d048, length=0, elements={
}

Java Threads: ( => current thread )

Other Threads:
  0x0000019da786d6a0 WorkerThread "GC Thread#0" [stack: 0x0000003f20000000,0x0000003f20100000] [id=10576]
  0x0000019da787f010 ConcurrentGCThread "G1 Main Marker" [stack: 0x0000003f20100000,0x0000003f20200000] [id=14316]
  0x0000019da787fa40 WorkerThread "G1 Conc#0" [stack: 0x0000003f20200000,0x0000003f20300000] [id=11696]

[error occurred during error reporting (printing all threads), id 0xc0000005, EXCEPTION_ACCESS_VIOLATION (0xc0000005) at pc=0x00007fffea21d427]

VM state: not at safepoint (not fully initialized)

VM Mutex/Monitor currently owned by a thread:  ([mutex/lock_event])
[0x0000019da7806c00] Heap_lock - owner thread: 0x0000019da780bca0

Heap address: 0x0000000083000000, size: 2000 MB, Compressed Oops mode: 32-bit

CDS archive(s) mapped at: [0x0000000000000000-0x0000000000000000-0x0000000000000000), size 0, SharedBaseAddress: 0x0000000800000000, ArchiveRelocationMode: 0.
Narrow klass base: 0x0000000000000000, Narrow klass shift: 0, Narrow klass range: 0x0

GC Precious Log:
 CardTable entry size: 512
 Card Set container configuration: InlinePtr #cards 5 size 8 Array Of Cards #cards 12 size 40 Howl #buckets 4 coarsen threshold 1843 Howl Bitmap #cards 512 size 80 coarsen threshold 460 Card regions per heap region 1 cards per card region 2048

Heap:
 garbage-first heap   total 0K, used 0K [0x0000000083000000, 0x0000000100000000)
  region size 1024K, 0 young (0K), 0 survivors (0K)

[error occurred during error reporting (printing heap information), id 0xc0000005, EXCEPTION_ACCESS_VIOLATION (0xc0000005) at pc=0x00007fffea626649]

GC Heap History (0 events):
No events

Dll operation events (1 events):
Event: 0.009 Loaded shared library C:\Program Files\Java\jdk-19\bin\java.dll

Deoptimization events (0 events):
No events

Classes loaded (0 events):
No events

Classes unloaded (0 events):
No events

Classes redefined (0 events):
No events

Internal exceptions (0 events):
No events

VM Operations (0 events):
No events

Events (0 events):
No events


Dynamic libraries:
0x00007ff79ea40000 - 0x00007ff79ea50000 	C:\Program Files\Java\jdk-19\bin\java.exe
0x00007ff84d790000 - 0x00007ff84d9a7000 	C:\WINDOWS\SYSTEM32\ntdll.dll
0x00007ff84b5e0000 - 0x00007ff84b6a4000 	C:\WINDOWS\System32\KERNEL32.DLL
0x00007ff84acf0000 - 0x00007ff84b09d000 	C:\WINDOWS\System32\KERNELBASE.dll
0x00007ff84abd0000 - 0x00007ff84ace1000 	C:\WINDOWS\System32\ucrtbase.dll
0x00007ff8461e0000 - 0x00007ff8461fb000 	C:\Program Files\Java\jdk-19\bin\VCRUNTIME140.dll
0x00007ff843130000 - 0x00007ff843148000 	C:\Program Files\Java\jdk-19\bin\jli.dll
0x00007ff84b4c0000 - 0x00007ff84b572000 	C:\WINDOWS\System32\ADVAPI32.dll
0x00007ff84b910000 - 0x00007ff84b9b7000 	C:\WINDOWS\System32\msvcrt.dll
0x00007ff84d6a0000 - 0x00007ff84d749000 	C:\WINDOWS\System32\sechost.dll
0x00007ff84b3f0000 - 0x00007ff84b418000 	C:\WINDOWS\System32\bcrypt.dll
0x00007ff84bcc0000 - 0x00007ff84bdd4000 	C:\WINDOWS\System32\RPCRT4.dll
0x00007ff84b750000 - 0x00007ff84b8fe000 	C:\WINDOWS\System32\USER32.dll
0x00007ff84b110000 - 0x00007ff84b136000 	C:\WINDOWS\System32\win32u.dll
0x00007ff827500000 - 0x00007ff827793000 	C:\WINDOWS\WinSxS\amd64_microsoft.windows.common-controls_6595b64144ccf1df_6.0.22621.3672_none_2713b9d173822955\COMCTL32.dll
0x00007ff84c150000 - 0x00007ff84c179000 	C:\WINDOWS\System32\GDI32.dll
0x00007ff84aab0000 - 0x00007ff84abc9000 	C:\WINDOWS\System32\gdi32full.dll
0x00007ff84b420000 - 0x00007ff84b4ba000 	C:\WINDOWS\System32\msvcp_win.dll
0x00007ff845980000 - 0x00007ff84598a000 	C:\WINDOWS\SYSTEM32\VERSION.dll
0x00007ff84bc80000 - 0x00007ff84bcb1000 	C:\WINDOWS\System32\IMM32.DLL
0x00007ff846240000 - 0x00007ff84624c000 	C:\Program Files\Java\jdk-19\bin\vcruntime140_1.dll
0x00007ff81bf20000 - 0x00007ff81bfae000 	C:\Program Files\Java\jdk-19\bin\msvcp140.dll
0x00007fffe9ee0000 - 0x00007fffeaba0000 	C:\Program Files\Java\jdk-19\bin\server\jvm.dll
0x00007ff846810000 - 0x00007ff846819000 	C:\WINDOWS\SYSTEM32\WSOCK32.dll
0x00007ff845710000 - 0x00007ff845744000 	C:\WINDOWS\SYSTEM32\WINMM.dll
0x00007ff84b6d0000 - 0x00007ff84b741000 	C:\WINDOWS\System32\WS2_32.dll
0x00007ff849ac0000 - 0x00007ff849ad8000 	C:\WINDOWS\SYSTEM32\kernel.appcore.dll
0x00007ff845780000 - 0x00007ff84578a000 	C:\Program Files\Java\jdk-19\bin\jimage.dll
0x00007ff83c0b0000 - 0x00007ff83c2e2000 	C:\WINDOWS\SYSTEM32\DBGHELP.DLL
0x00007ff84d310000 - 0x00007ff84d69e000 	C:\WINDOWS\System32\combase.dll
0x00007ff84c180000 - 0x00007ff84c257000 	C:\WINDOWS\System32\OLEAUT32.dll
0x00007ff825c40000 - 0x00007ff825c72000 	C:\WINDOWS\SYSTEM32\dbgcore.DLL
0x00007ff84b140000 - 0x00007ff84b1bb000 	C:\WINDOWS\System32\bcryptPrimitives.dll
0x00007ff844d00000 - 0x00007ff844d26000 	C:\Program Files\Java\jdk-19\bin\java.dll

dbghelp: loaded successfully - version: 4.0.5 - missing functions: none
symbol engine: initialized successfully - sym options: 0x614 - pdb path: .;C:\Program Files\Java\jdk-19\bin;C:\WINDOWS\SYSTEM32;C:\WINDOWS\WinSxS\amd64_microsoft.windows.common-controls_6595b64144ccf1df_6.0.22621.3672_none_2713b9d173822955;C:\Program Files\Java\jdk-19\bin\server

VM Arguments:
jvm_args: -Dfile.encoding=UTF-8 --module-path=C:\Users\jaswa\OneDrive\Desktop\INFO 5100\Lab_1\Lab_1\build\classes 
java_command: ui.MainJFrame
java_class_path (initial): C:\Users\jaswa\OneDrive\Desktop\INFO 5100\Lab_1\Lab_1\build\classes
Launcher Type: SUN_STANDARD

[Global flags]
     intx CICompilerCount                          = 4                                         {product} {ergonomic}
     uint ConcGCThreads                            = 2                                         {product} {ergonomic}
     uint G1ConcRefinementThreads                  = 8                                         {product} {ergonomic}
   size_t G1HeapRegionSize                         = 1048576                                   {product} {ergonomic}
    uintx GCDrainStackTargetSize                   = 64                                        {product} {ergonomic}
   size_t InitialHeapSize                          = 132120576                                 {product} {ergonomic}
   size_t MarkStackSize                            = 4194304                                   {product} {ergonomic}
   size_t MaxHeapSize                              = 2097152000                                {product} {ergonomic}
   size_t MinHeapDeltaBytes                        = 1048576                                   {product} {ergonomic}
   size_t MinHeapSize                              = 8388608                                   {product} {ergonomic}
    uintx NonNMethodCodeHeapSize                   = 5839372                                {pd product} {ergonomic}
    uintx NonProfiledCodeHeapSize                  = 122909434                              {pd product} {ergonomic}
    uintx ProfiledCodeHeapSize                     = 122909434                              {pd product} {ergonomic}
    uintx ReservedCodeCacheSize                    = 251658240                              {pd product} {ergonomic}
     bool SegmentedCodeCache                       = true                                      {product} {ergonomic}
   size_t SoftMaxHeapSize                          = 2097152000                             {manageable} {ergonomic}
     bool UseCompressedClassPointers               = true                           {product lp64_product} {ergonomic}
     bool UseCompressedOops                        = true                           {product lp64_product} {ergonomic}
     bool UseG1GC                                  = true                                      {product} {ergonomic}
     bool UseLargePagesIndividualAllocation        = false                                  {pd product} {ergonomic}

Logging:
Log output configuration:
 #0: stdout all=warning uptime,level,tags foldmultilines=false
 #1: stderr all=off uptime,level,tags foldmultilines=false

Environment Variables:
PATH=C:\Program Files\Common Files\Oracle\Java\javapath;C:\Program Files\Python311\Scripts\;C:\Program Files\Python311\;C:\WINDOWS\system32;C:\WINDOWS;C:\WINDOWS\System32\Wbem;C:\WINDOWS\System32\WindowsPowerShell\v1.0\;C:\WINDOWS\System32\OpenSSH\;C:\Program Files\MySQL\MySQL Server 8.0\bin;C:\Program Files\Git\cmd;C:\Program Files (x86)\Microsoft SQL Server\160\Tools\Binn\;C:\Program Files\Microsoft SQL Server\160\Tools\Binn\;C:\Program Files\Microsoft SQL Server\Client SDK\ODBC\170\Tools\Binn\;C:\Program Files\Microsoft SQL Server\160\DTS\Binn\;C:\Program Files\MySQL\MySQL Shell 8.0\bin\;C:\Users\jaswa\AppData\Local\Microsoft\WindowsApps;;C:\Users\jaswa\AppData\Local\Programs\Microsoft VS Code\bin
USERNAME=jaswa
OS=Windows_NT
PROCESSOR_IDENTIFIER=Intel64 Family 6 Model 142 Stepping 12, GenuineIntel
TMP=C:\Users\jaswa\AppData\Local\Temp
TEMP=C:\Users\jaswa\AppData\Local\Temp



---------------  S Y S T E M  ---------------

OS:
 Windows 11 , 64 bit Build 22621 (10.0.22621.3958)
OS uptime: 0 days 3:41 hours
Hyper-V role detected

CPU: total 8 (initial active 8) (4 cores per cpu, 2 threads per core) family 6 model 142 stepping 12 microcode 0xea, cx8, cmov, fxsr, ht, mmx, 3dnowpref, sse, sse2, sse3, ssse3, sse4.1, sse4.2, popcnt, lzcnt, tsc, tscinvbit, avx, avx2, aes, erms, clmul, bmi1, bmi2, adx, fma, vzeroupper, clflush, clflushopt, hv, rdtscp

Memory: 4k page, system-wide physical 7995M (1807M free)
TotalPageFile size 7995M (AvailPageFile size 32M)
current process WorkingSet (physical memory assigned to process): 11M, peak: 11M
current process commit charge ("private bytes"): 60M, peak: 186M

vm_info: Java HotSpot(TM) 64-Bit Server VM (19.0.2+7-44) for windows-amd64 JRE (19.0.2+7-44), built on 2022-11-30T18:02:09Z by "mach5one" with MS VC++ 17.1 (VS2022)

END.
